Build started 2014/2/10 10:34:43.
     1>Project "F:\My Programs\C\LH_SNAKE2010\LH_SNAKE\LH_SNAKE.vcxproj" on node 2 (build target(s)).
     1>InitializeBuildStatus:
         Creating "Debug\LH_SNAKE.unsuccessfulbuild" because "AlwaysCreate" was specified.
       ClCompile:
         F:\Program Files (x86)\Microsoft Visual Studio 10.0\VC\bin\CL.exe /c /ZI /nologo /W3 /WX- /Od /Oy- /D WIN32 /D _DEBUG /D _CONSOLE /D _UNICODE /D UNICODE /Gm /EHsc /RTC1 /MDd /GS /fp:precise /Zc:wchar_t /Zc:forScope /Fo"Debug\\" /Fd"Debug\vc100.pdb" /Gd /TP /analyze- /errorReport:prompt fun.cpp LH_SNAKE.cpp
         LH_SNAKE.cpp
         fun.cpp
         Generating Code...
       ManifestResourceCompile:
         C:\Program Files (x86)\Microsoft SDKs\Windows\v7.0A\bin\rc.exe /nologo /fo"Debug\LH_SNAKE.exe.embed.manifest.res" Debug\LH_SNAKE_manifest.rc 
       Link:
         F:\Program Files (x86)\Microsoft Visual Studio 10.0\VC\bin\link.exe /ERRORREPORT:PROMPT /OUT:"F:\My Programs\C\LH_SNAKE2010\Debug\LH_SNAKE.exe" /INCREMENTAL /NOLOGO SDL.lib SDL_image.lib SDLMain.lib SDL_ttf.lib kernel32.lib user32.lib gdi32.lib winspool.lib comdlg32.lib advapi32.lib shell32.lib ole32.lib oleaut32.lib uuid.lib odbc32.lib odbccp32.lib kernel32.lib user32.lib gdi32.lib winspool.lib comdlg32.lib advapi32.lib shell32.lib ole32.lib oleaut32.lib uuid.lib odbc32.lib odbccp32.lib /MANIFEST /ManifestFile:"Debug\LH_SNAKE.exe.intermediate.manifest" /MANIFESTUAC:"level='asInvoker' uiAccess='false'" /DEBUG /PDB:"F:\My Programs\C\LH_SNAKE2010\Debug\LH_SNAKE.pdb" /SUBSYSTEM:CONSOLE /TLBID:1 /DYNAMICBASE /NXCOMPAT /IMPLIB:"F:\My Programs\C\LH_SNAKE2010\Debug\LH_SNAKE.lib" /MACHINE:X86 Debug\LH_SNAKE.exe.embed.manifest.res
         Debug\fun.obj
         Debug\LH_SNAKE.obj
     1>MSVCRTD.lib(cinitexe.obj) : warning LNK4098: defaultlib 'msvcrt.lib' conflicts with use of other libs; use /NODEFAULTLIB:library
       Manifest:
         C:\Program Files (x86)\Microsoft SDKs\Windows\v7.0A\bin\mt.exe /nologo /verbose /out:"Debug\LH_SNAKE.exe.embed.manifest" /manifest Debug\LH_SNAKE.exe.intermediate.manifest
         C:\Program Files (x86)\Microsoft SDKs\Windows\v7.0A\bin\rc.exe /nologo /fo"Debug\LH_SNAKE.exe.embed.manifest.res" Debug\LH_SNAKE_manifest.rc 
       LinkEmbedManifest:
         F:\Program Files (x86)\Microsoft Visual Studio 10.0\VC\bin\link.exe /ERRORREPORT:PROMPT /OUT:"F:\My Programs\C\LH_SNAKE2010\Debug\LH_SNAKE.exe" /INCREMENTAL /NOLOGO SDL.lib SDL_image.lib SDLMain.lib SDL_ttf.lib kernel32.lib user32.lib gdi32.lib winspool.lib comdlg32.lib advapi32.lib shell32.lib ole32.lib oleaut32.lib uuid.lib odbc32.lib odbccp32.lib kernel32.lib user32.lib gdi32.lib winspool.lib comdlg32.lib advapi32.lib shell32.lib ole32.lib oleaut32.lib uuid.lib odbc32.lib odbccp32.lib /MANIFEST /ManifestFile:"Debug\LH_SNAKE.exe.intermediate.manifest" /MANIFESTUAC:"level='asInvoker' uiAccess='false'" /DEBUG /PDB:"F:\My Programs\C\LH_SNAKE2010\Debug\LH_SNAKE.pdb" /SUBSYSTEM:CONSOLE /TLBID:1 /DYNAMICBASE /NXCOMPAT /IMPLIB:"F:\My Programs\C\LH_SNAKE2010\Debug\LH_SNAKE.lib" /MACHINE:X86 Debug\LH_SNAKE.exe.embed.manifest.res
         Debug\fun.obj
         Debug\LH_SNAKE.obj
     1>MSVCRTD.lib(cinitexe.obj) : warning LNK4098: defaultlib 'msvcrt.lib' conflicts with use of other libs; use /NODEFAULTLIB:library
         LH_SNAKE.vcxproj -> F:\My Programs\C\LH_SNAKE2010\Debug\LH_SNAKE.exe
       FinalizeBuildStatus:
         Deleting file "Debug\LH_SNAKE.unsuccessfulbuild".
         Touching "Debug\LH_SNAKE.lastbuildstate".
     1>Done Building Project "F:\My Programs\C\LH_SNAKE2010\LH_SNAKE\LH_SNAKE.vcxproj" (build target(s)).

Build succeeded.

Time Elapsed 00:00:03.24
