F:\MY PROGRAMS\C\LH_SNAKE2010\DEBUG\LH_SNAKE.EXE
F:\MY PROGRAMS\C\LH_SNAKE2010\DEBUG\LH_SNAKE.ILK
F:\MY PROGRAMS\C\LH_SNAKE2010\DEBUG\LH_SNAKE.PDB
F:\My Programs\C\LH_SNAKE2010\LH_SNAKE\Debug\cl.command.1.tlog
F:\My Programs\C\LH_SNAKE2010\LH_SNAKE\Debug\CL.read.1.tlog
F:\My Programs\C\LH_SNAKE2010\LH_SNAKE\Debug\CL.write.1.tlog
F:\MY PROGRAMS\C\LH_SNAKE2010\LH_SNAKE\DEBUG\FUN.OBJ
F:\MY PROGRAMS\C\LH_SNAKE2010\LH_SNAKE\DEBUG\LH_SNAKE.EXE.EMBED.MANIFEST
F:\MY PROGRAMS\C\LH_SNAKE2010\LH_SNAKE\DEBUG\LH_SNAKE.EXE.EMBED.MANIFEST.RES
F:\MY PROGRAMS\C\LH_SNAKE2010\LH_SNAKE\DEBUG\LH_SNAKE.EXE.INTERMEDIATE.MANIFEST
F:\MY PROGRAMS\C\LH_SNAKE2010\LH_SNAKE\DEBUG\LH_SNAKE.OBJ
F:\My Programs\C\LH_SNAKE2010\LH_SNAKE\Debug\LH_SNAKE_manifest.rc
F:\My Programs\C\LH_SNAKE2010\LH_SNAKE\Debug\link.7572.read.1.tlog
F:\My Programs\C\LH_SNAKE2010\LH_SNAKE\Debug\link.7572.write.1.tlog
F:\My Programs\C\LH_SNAKE2010\LH_SNAKE\Debug\link.7572-cvtres.read.1.tlog
F:\My Programs\C\LH_SNAKE2010\LH_SNAKE\Debug\link.7572-cvtres.write.1.tlog
F:\My Programs\C\LH_SNAKE2010\LH_SNAKE\Debug\link.command.1.tlog
F:\My Programs\C\LH_SNAKE2010\LH_SNAKE\Debug\link.read.1.tlog
F:\My Programs\C\LH_SNAKE2010\LH_SNAKE\Debug\link.write.1.tlog
F:\My Programs\C\LH_SNAKE2010\LH_SNAKE\Debug\link-cvtres.read.1.tlog
F:\My Programs\C\LH_SNAKE2010\LH_SNAKE\Debug\link-cvtres.write.1.tlog
F:\My Programs\C\LH_SNAKE2010\LH_SNAKE\Debug\mt.command.1.tlog
F:\My Programs\C\LH_SNAKE2010\LH_SNAKE\Debug\mt.read.1.tlog
F:\My Programs\C\LH_SNAKE2010\LH_SNAKE\Debug\mt.write.1.tlog
F:\My Programs\C\LH_SNAKE2010\LH_SNAKE\Debug\rc.command.1.tlog
F:\My Programs\C\LH_SNAKE2010\LH_SNAKE\Debug\rc.read.1.tlog
F:\My Programs\C\LH_SNAKE2010\LH_SNAKE\Debug\rc.write.1.tlog
F:\My Programs\C\LH_SNAKE2010\LH_SNAKE\Debug\vc100.idb
F:\MY PROGRAMS\C\LH_SNAKE2010\LH_SNAKE\DEBUG\VC100.PDB
